# JRE version: OpenJDK Runtime Environment (8.0_202-b03) (build 1.8.0_202-release-1483-b03)
# Java VM: OpenJDK 64-Bit Server VM (25.202-b03 mixed mode windows-amd64 compressed oops)
Heap:
 PSYoungGen      total 419328K, used 285486K [0x00000000e0000000, 0x00000000fd600000, 0x0000000100000000)
  eden space 370688K, 70% used [0x00000000e0000000,0x00000000efeedab8,0x00000000f6a00000)
  from space 48640K, 50% used [0x00000000f9880000,0x00000000fb08f9f0,0x00000000fc800000)
  to   space 47616K, 0% used [0x00000000f6a00000,0x00000000f6a00000,0x00000000f9880000)
 ParOldGen       total 134144K, used 67662K [0x00000000a0000000, 0x00000000a8300000, 0x00000000e0000000)
  object space 134144K, 50% used [0x00000000a0000000,0x00000000a42139a8,0x00000000a8300000)
 Metaspace       used 106336K, capacity 110264K, committed 110848K, reserved 1146880K
  class space    used 13377K, capacity 14118K, committed 14336K, reserved 1048576K
GC Heap History (10 events):
Event: 6936.265 GC heap before
{Heap before GC invocations=34 (full 3):
 PSYoungGen      total 373248K, used 373222K [0x00000000e0000000, 0x00000000fa980000, 0x0000000100000000)
  eden space 340480K, 100% used [0x00000000e0000000,0x00000000f4c80000,0x00000000f4c80000)
  from space 32768K, 99% used [0x00000000f7480000,0x00000000f9479a08,0x00000000f9480000)
  to   space 40960K, 0% used [0x00000000f4c80000,0x00000000f4c80000,0x00000000f7480000)
 ParOldGen       total 80384K, used 66473K [0x00000000a0000000, 0x00000000a4e80000, 0x00000000e0000000)
  object space 80384K, 82% used [0x00000000a0000000,0x00000000a40ea710,0x00000000a4e80000)
 Metaspace       used 87448K, capacity 91464K, committed 91520K, reserved 1128448K
  class space    used 11102K, capacity 11863K, committed 11904K, reserved 1048576K
Event: 6937.361 GC heap after
Heap after GC invocations=34 (full 3):
 PSYoungGen      total 366592K, used 40945K [0x00000000e0000000, 0x00000000fa600000, 0x0000000100000000)
  eden space 325632K, 0% used [0x00000000e0000000,0x00000000e0000000,0x00000000f3e00000)
  from space 40960K, 99% used [0x00000000f4c80000,0x00000000f747c418,0x00000000f7480000)
  to   space 50688K, 0% used [0x00000000f7480000,0x00000000f7480000,0x00000000fa600000)
 ParOldGen       total 80384K, used 80292K [0x00000000a0000000, 0x00000000a4e80000, 0x00000000e0000000)
  object space 80384K, 99% used [0x00000000a0000000,0x00000000a4e69218,0x00000000a4e80000)
 Metaspace       used 87448K, capacity 91464K, committed 91520K, reserved 1128448K
  class space    used 11102K, capacity 11863K, committed 11904K, reserved 1048576K
}
Event: 6937.362 GC heap before
{Heap before GC invocations=35 (full 4):
 PSYoungGen      total 366592K, used 40945K [0x00000000e0000000, 0x00000000fa600000, 0x0000000100000000)
  eden space 325632K, 0% used [0x00000000e0000000,0x00000000e0000000,0x00000000f3e00000)
  from space 40960K, 99% used [0x00000000f4c80000,0x00000000f747c418,0x00000000f7480000)
  to   space 50688K, 0% used [0x00000000f7480000,0x00000000f7480000,0x00000000fa600000)
 ParOldGen       total 80384K, used 80292K [0x00000000a0000000, 0x00000000a4e80000, 0x00000000e0000000)
  object space 80384K, 99% used [0x00000000a0000000,0x00000000a4e69218,0x00000000a4e80000)
 Metaspace       used 87448K, capacity 91464K, committed 91520K, reserved 1128448K
  class space    used 11102K, capacity 11863K, committed 11904K, reserved 1048576K
Event: 6938.802 GC heap after
Heap after GC invocations=35 (full 4):
 PSYoungGen      total 366592K, used 0K [0x00000000e0000000, 0x00000000fa600000, 0x0000000100000000)
  eden space 325632K, 0% used [0x00000000e0000000,0x00000000e0000000,0x00000000f3e00000)
  from space 40960K, 0% used [0x00000000f4c80000,0x00000000f4c80000,0x00000000f7480000)
  to   space 50688K, 0% used [0x00000000f7480000,0x00000000f7480000,0x00000000fa600000)
 ParOldGen       total 134144K, used 67637K [0x00000000a0000000, 0x00000000a8300000, 0x00000000e0000000)
  object space 134144K, 50% used [0x00000000a0000000,0x00000000a420d798,0x00000000a8300000)
 Metaspace       used 85025K, capacity 87254K, committed 91520K, reserved 1128448K
  class space    used 10619K, capacity 11093K, committed 11904K, reserved 1048576K
}
Event: 7364.097 GC heap before
{Heap before GC invocations=36 (full 4):
 PSYoungGen      total 366592K, used 325492K [0x00000000e0000000, 0x00000000fa600000, 0x0000000100000000)
  eden space 325632K, 99% used [0x00000000e0000000,0x00000000f3ddd320,0x00000000f3e00000)
  from space 40960K, 0% used [0x00000000f4c80000,0x00000000f4c80000,0x00000000f7480000)
  to   space 50688K, 0% used [0x00000000f7480000,0x00000000f7480000,0x00000000fa600000)
 ParOldGen       total 134144K, used 67637K [0x00000000a0000000, 0x00000000a8300000, 0x00000000e0000000)
  object space 134144K, 50% used [0x00000000a0000000,0x00000000a420d798,0x00000000a8300000)
 Metaspace       used 89573K, capacity 92180K, committed 94592K, reserved 1132544K
  class space    used 11102K, capacity 11622K, committed 12160K, reserved 1048576K
Event: 7365.261 GC heap after
Heap after GC invocations=36 (full 4):
 PSYoungGen      total 380416K, used 24014K [0x00000000e0000000, 0x00000000fce80000, 0x0000000100000000)
  eden space 329728K, 0% used [0x00000000e0000000,0x00000000e0000000,0x00000000f4200000)
  from space 50688K, 47% used [0x00000000f7480000,0x00000000f8bf3b28,0x00000000fa600000)
  to   space 51712K, 0% used [0x00000000f4200000,0x00000000f4200000,0x00000000f7480000)
 ParOldGen       total 134144K, used 67645K [0x00000000a0000000, 0x00000000a8300000, 0x00000000e0000000)
  object space 134144K, 50% used [0x00000000a0000000,0x00000000a420f798,0x00000000a8300000)
 Metaspace       used 89573K, capacity 92180K, committed 94592K, reserved 1132544K
  class space    used 11102K, capacity 11622K, committed 12160K, reserved 1048576K
}
Event: 7395.816 GC heap before
{Heap before GC invocations=37 (full 4):
 PSYoungGen      total 380416K, used 353742K [0x00000000e0000000, 0x00000000fce80000, 0x0000000100000000)
  eden space 329728K, 100% used [0x00000000e0000000,0x00000000f4200000,0x00000000f4200000)
  from space 50688K, 47% used [0x00000000f7480000,0x00000000f8bf3b28,0x00000000fa600000)
  to   space 51712K, 0% used [0x00000000f4200000,0x00000000f4200000,0x00000000f7480000)
 ParOldGen       total 134144K, used 67645K [0x00000000a0000000, 0x00000000a8300000, 0x00000000e0000000)
  object space 134144K, 50% used [0x00000000a0000000,0x00000000a420f798,0x00000000a8300000)
 Metaspace       used 92423K, capacity 95328K, committed 97280K, reserved 1134592K
  class space    used 11498K, capacity 12084K, committed 12544K, reserved 1048576K
Event: 7396.077 GC heap after
Heap after GC invocations=37 (full 4):
 PSYoungGen      total 381440K, used 19037K [0x00000000e0000000, 0x00000000fc800000, 0x0000000100000000)
  eden space 329728K, 0% used [0x00000000e0000000,0x00000000e0000000,0x00000000f4200000)
  from space 51712K, 36% used [0x00000000f4200000,0x00000000f5497400,0x00000000f7480000)
  to   space 48640K, 0% used [0x00000000f9880000,0x00000000f9880000,0x00000000fc800000)
 ParOldGen       total 134144K, used 67653K [0x00000000a0000000, 0x00000000a8300000, 0x00000000e0000000)
  object space 134144K, 50% used [0x00000000a0000000,0x00000000a4211798,0x00000000a8300000)
 Metaspace       used 92423K, capacity 95328K, committed 97280K, reserved 1134592K
  class space    used 11498K, capacity 12084K, committed 12544K, reserved 1048576K
}
Event: 7403.001 GC heap before
{Heap before GC invocations=38 (full 4):
 PSYoungGen      total 381440K, used 348765K [0x00000000e0000000, 0x00000000fc800000, 0x0000000100000000)
  eden space 329728K, 100% used [0x00000000e0000000,0x00000000f4200000,0x00000000f4200000)
  from space 51712K, 36% used [0x00000000f4200000,0x00000000f5497400,0x00000000f7480000)
  to   space 48640K, 0% used [0x00000000f9880000,0x00000000f9880000,0x00000000fc800000)
 ParOldGen       total 134144K, used 67654K [0x00000000a0000000, 0x00000000a8300000, 0x00000000e0000000)
  object space 134144K, 50% used [0x00000000a0000000,0x00000000a42119a8,0x00000000a8300000)
 Metaspace       used 97933K, capacity 100934K, committed 102784K, reserved 1138688K
  class space    used 12126K, capacity 12757K, committed 13184K, reserved 1048576K
Event: 7403.339 GC heap after
Heap after GC invocations=38 (full 4):
 PSYoungGen      total 419328K, used 24638K [0x00000000e0000000, 0x00000000fd600000, 0x0000000100000000)
  eden space 370688K, 0% used [0x00000000e0000000,0x00000000e0000000,0x00000000f6a00000)
  from space 48640K, 50% used [0x00000000f9880000,0x00000000fb08f9f0,0x00000000fc800000)
  to   space 47616K, 0% used [0x00000000f6a00000,0x00000000f6a00000,0x00000000f9880000)
 ParOldGen       total 134144K, used 67662K [0x00000000a0000000, 0x00000000a8300000, 0x00000000e0000000)
  object space 134144K, 50% used [0x00000000a0000000,0x00000000a42139a8,0x00000000a8300000)
 Metaspace       used 97933K, capacity 100934K, committed 102784K, reserved 1138688K
  class space    used 12126K, capacity 12757K, committed 13184K, reserved 1048576K
}

