# JRE version: OpenJDK Runtime Environment (8.0_202-b03) (build 1.8.0_202-release-1483-b03)
# Java VM: OpenJDK 64-Bit Server VM (25.202-b03 mixed mode windows-amd64 compressed oops)
Heap:
 PSYoungGen      total 18944K, used 630K [0x00000000eb400000, 0x00000000ec900000, 0x0000000100000000)
  eden space 16384K, 0% used [0x00000000eb400000,0x00000000eb400000,0x00000000ec400000)
  from space 2560K, 24% used [0x00000000ec680000,0x00000000ec71dac0,0x00000000ec900000)
  to   space 2560K, 0% used [0x00000000ec400000,0x00000000ec400000,0x00000000ec680000)
 ParOldGen       total 29696K, used 7304K [0x00000000c1c00000, 0x00000000c3900000, 0x00000000eb400000)
  object space 29696K, 24% used [0x00000000c1c00000,0x00000000c2322270,0x00000000c3900000)
 Metaspace       used 17432K, capacity 17710K, committed 17792K, reserved 1079296K
  class space    used 2034K, capacity 2119K, committed 2176K, reserved 1048576K
GC Heap History (10 events):
Event: 2.197 GC heap before
{Heap before GC invocations=4 (full 1):
 PSYoungGen      total 18944K, used 16384K [0x00000000eb400000, 0x00000000ec900000, 0x0000000100000000)
  eden space 16384K, 100% used [0x00000000eb400000,0x00000000ec400000,0x00000000ec400000)
  from space 2560K, 0% used [0x00000000ec680000,0x00000000ec680000,0x00000000ec900000)
  to   space 2560K, 0% used [0x00000000ec400000,0x00000000ec400000,0x00000000ec680000)
 ParOldGen       total 29696K, used 3278K [0x00000000c1c00000, 0x00000000c3900000, 0x00000000eb400000)
  object space 29696K, 11% used [0x00000000c1c00000,0x00000000c1f33ae0,0x00000000c3900000)
 Metaspace       used 11035K, capacity 11174K, committed 11264K, reserved 1062912K
  class space    used 1212K, capacity 1279K, committed 1280K, reserved 1048576K
Event: 2.201 GC heap after
Heap after GC invocations=4 (full 1):
 PSYoungGen      total 18944K, used 2548K [0x00000000eb400000, 0x00000000ec900000, 0x0000000100000000)
  eden space 16384K, 0% used [0x00000000eb400000,0x00000000eb400000,0x00000000ec400000)
  from space 2560K, 99% used [0x00000000ec400000,0x00000000ec67d080,0x00000000ec680000)
  to   space 2560K, 0% used [0x00000000ec680000,0x00000000ec680000,0x00000000ec900000)
 ParOldGen       total 29696K, used 4762K [0x00000000c1c00000, 0x00000000c3900000, 0x00000000eb400000)
  object space 29696K, 16% used [0x00000000c1c00000,0x00000000c20a6b30,0x00000000c3900000)
 Metaspace       used 11035K, capacity 11174K, committed 11264K, reserved 1062912K
  class space    used 1212K, capacity 1279K, committed 1280K, reserved 1048576K
}
Event: 2.582 GC heap before
{Heap before GC invocations=5 (full 1):
 PSYoungGen      total 18944K, used 14389K [0x00000000eb400000, 0x00000000ec900000, 0x0000000100000000)
  eden space 16384K, 72% used [0x00000000eb400000,0x00000000ebf90508,0x00000000ec400000)
  from space 2560K, 99% used [0x00000000ec400000,0x00000000ec67d080,0x00000000ec680000)
  to   space 2560K, 0% used [0x00000000ec680000,0x00000000ec680000,0x00000000ec900000)
 ParOldGen       total 29696K, used 4762K [0x00000000c1c00000, 0x00000000c3900000, 0x00000000eb400000)
  object space 29696K, 16% used [0x00000000c1c00000,0x00000000c20a6b30,0x00000000c3900000)
 Metaspace       used 13599K, capacity 13830K, committed 13952K, reserved 1064960K
  class space    used 1565K, capacity 1635K, committed 1664K, reserved 1048576K
Event: 2.588 GC heap after
Heap after GC invocations=5 (full 1):
 PSYoungGen      total 18944K, used 2560K [0x00000000eb400000, 0x00000000ec900000, 0x0000000100000000)
  eden space 16384K, 0% used [0x00000000eb400000,0x00000000eb400000,0x00000000ec400000)
  from space 2560K, 100% used [0x00000000ec680000,0x00000000ec900000,0x00000000ec900000)
  to   space 2560K, 0% used [0x00000000ec400000,0x00000000ec400000,0x00000000ec680000)
 ParOldGen       total 29696K, used 7076K [0x00000000c1c00000, 0x00000000c3900000, 0x00000000eb400000)
  object space 29696K, 23% used [0x00000000c1c00000,0x00000000c22e9370,0x00000000c3900000)
 Metaspace       used 13599K, capacity 13830K, committed 13952K, reserved 1064960K
  class space    used 1565K, capacity 1635K, committed 1664K, reserved 1048576K
}
Event: 2.588 GC heap before
{Heap before GC invocations=6 (full 2):
 PSYoungGen      total 18944K, used 2560K [0x00000000eb400000, 0x00000000ec900000, 0x0000000100000000)
  eden space 16384K, 0% used [0x00000000eb400000,0x00000000eb400000,0x00000000ec400000)
  from space 2560K, 100% used [0x00000000ec680000,0x00000000ec900000,0x00000000ec900000)
  to   space 2560K, 0% used [0x00000000ec400000,0x00000000ec400000,0x00000000ec680000)
 ParOldGen       total 29696K, used 7076K [0x00000000c1c00000, 0x00000000c3900000, 0x00000000eb400000)
  object space 29696K, 23% used [0x00000000c1c00000,0x00000000c22e9370,0x00000000c3900000)
 Metaspace       used 13599K, capacity 13830K, committed 13952K, reserved 1064960K
  class space    used 1565K, capacity 1635K, committed 1664K, reserved 1048576K
Event: 2.615 GC heap after
Heap after GC invocations=6 (full 2):
 PSYoungGen      total 18944K, used 0K [0x00000000eb400000, 0x00000000ec900000, 0x0000000100000000)
  eden space 16384K, 0% used [0x00000000eb400000,0x00000000eb400000,0x00000000ec400000)
  from space 2560K, 0% used [0x00000000ec680000,0x00000000ec680000,0x00000000ec900000)
  to   space 2560K, 0% used [0x00000000ec400000,0x00000000ec400000,0x00000000ec680000)
 ParOldGen       total 29696K, used 6233K [0x00000000c1c00000, 0x00000000c3900000, 0x00000000eb400000)
  object space 29696K, 20% used [0x00000000c1c00000,0x00000000c22167e0,0x00000000c3900000)
 Metaspace       used 13599K, capacity 13830K, committed 13952K, reserved 1064960K
  class space    used 1565K, capacity 1635K, committed 1664K, reserved 1048576K
}
Event: 3.069 GC heap before
{Heap before GC invocations=7 (full 2):
 PSYoungGen      total 18944K, used 13685K [0x00000000eb400000, 0x00000000ec900000, 0x0000000100000000)
  eden space 16384K, 83% used [0x00000000eb400000,0x00000000ec15d5e0,0x00000000ec400000)
  from space 2560K, 0% used [0x00000000ec680000,0x00000000ec680000,0x00000000ec900000)
  to   space 2560K, 0% used [0x00000000ec400000,0x00000000ec400000,0x00000000ec680000)
 ParOldGen       total 29696K, used 6233K [0x00000000c1c00000, 0x00000000c3900000, 0x00000000eb400000)
  object space 29696K, 20% used [0x00000000c1c00000,0x00000000c22167e0,0x00000000c3900000)
 Metaspace       used 16514K, capacity 16844K, committed 16896K, reserved 1073152K
  class space    used 1932K, capacity 2022K, committed 2048K, reserved 1048576K
Event: 3.072 GC heap after
Heap after GC invocations=7 (full 2):
 PSYoungGen      total 18944K, used 2543K [0x00000000eb400000, 0x00000000ec900000, 0x0000000100000000)
  eden space 16384K, 0% used [0x00000000eb400000,0x00000000eb400000,0x00000000ec400000)
  from space 2560K, 99% used [0x00000000ec400000,0x00000000ec67bf90,0x00000000ec680000)
  to   space 2560K, 0% used [0x00000000ec680000,0x00000000ec680000,0x00000000ec900000)
 ParOldGen       total 29696K, used 6830K [0x00000000c1c00000, 0x00000000c3900000, 0x00000000eb400000)
  object space 29696K, 23% used [0x00000000c1c00000,0x00000000c22ab880,0x00000000c3900000)
 Metaspace       used 16514K, capacity 16844K, committed 16896K, reserved 1073152K
  class space    used 1932K, capacity 2022K, committed 2048K, reserved 1048576K
}
Event: 3.072 GC heap before
{Heap before GC invocations=8 (full 3):
 PSYoungGen      total 18944K, used 2543K [0x00000000eb400000, 0x00000000ec900000, 0x0000000100000000)
  eden space 16384K, 0% used [0x00000000eb400000,0x00000000eb400000,0x00000000ec400000)
  from space 2560K, 99% used [0x00000000ec400000,0x00000000ec67bf90,0x00000000ec680000)
  to   space 2560K, 0% used [0x00000000ec680000,0x00000000ec680000,0x00000000ec900000)
 ParOldGen       total 29696K, used 6830K [0x00000000c1c00000, 0x00000000c3900000, 0x00000000eb400000)
  object space 29696K, 23% used [0x00000000c1c00000,0x00000000c22ab880,0x00000000c3900000)
 Metaspace       used 16514K, capacity 16844K, committed 16896K, reserved 1073152K
  class space    used 1932K, capacity 2022K, committed 2048K, reserved 1048576K
Event: 3.104 GC heap after
Heap after GC invocations=8 (full 3):
 PSYoungGen      total 18944K, used 0K [0x00000000eb400000, 0x00000000ec900000, 0x0000000100000000)
  eden space 16384K, 0% used [0x00000000eb400000,0x00000000eb400000,0x00000000ec400000)
  from space 2560K, 0% used [0x00000000ec400000,0x00000000ec400000,0x00000000ec680000)
  to   space 2560K, 0% used [0x00000000ec680000,0x00000000ec680000,0x00000000ec900000)
 ParOldGen       total 29696K, used 7232K [0x00000000c1c00000, 0x00000000c3900000, 0x00000000eb400000)
  object space 29696K, 24% used [0x00000000c1c00000,0x00000000c2310260,0x00000000c3900000)
 Metaspace       used 16514K, capacity 16844K, committed 16896K, reserved 1071104K
  class space    used 1932K, capacity 2022K, committed 2048K, reserved 1048576K
}

