# JRE version: OpenJDK Runtime Environment (8.0_202-b03) (build 1.8.0_202-release-1483-b03)
# Java VM: OpenJDK 64-Bit Server VM (25.202-b03 mixed mode windows-amd64 compressed oops)
Heap:
 PSYoungGen      total 452096K, used 287538K [0x00000000e0000000, 0x0000000100000000, 0x0000000100000000)
  eden space 416768K, 60% used [0x00000000e0000000,0x00000000ef651858,0x00000000f9700000)
  from space 35328K, 99% used [0x00000000fc600000,0x00000000fe87b2d8,0x00000000fe880000)
  to   space 48128K, 0% used [0x00000000f9700000,0x00000000f9700000,0x00000000fc600000)
 ParOldGen       total 141824K, used 91878K [0x00000000a0000000, 0x00000000a8a80000, 0x00000000e0000000)
  object space 141824K, 64% used [0x00000000a0000000,0x00000000a59b9b08,0x00000000a8a80000)
 Metaspace       used 76654K, capacity 79738K, committed 80216K, reserved 1118208K
  class space    used 10152K, capacity 10770K, committed 10880K, reserved 1048576K
GC Heap History (10 events):
Event: 29.188 GC heap before
{Heap before GC invocations=36 (full 4):
 PSYoungGen      total 375808K, used 29889K [0x00000000e0000000, 0x00000000f9c00000, 0x0000000100000000)
  eden space 342016K, 0% used [0x00000000e0000000,0x00000000e0000000,0x00000000f4e00000)
  from space 33792K, 88% used [0x00000000f7280000,0x00000000f8fb0680,0x00000000f9380000)
  to   space 37376K, 0% used [0x00000000f4e00000,0x00000000f4e00000,0x00000000f7280000)
 ParOldGen       total 84992K, used 74833K [0x00000000a0000000, 0x00000000a5300000, 0x00000000e0000000)
  object space 84992K, 88% used [0x00000000a0000000,0x00000000a49144e0,0x00000000a5300000)
 Metaspace       used 75417K, capacity 78618K, committed 78808K, reserved 1118208K
  class space    used 10046K, capacity 10678K, committed 10752K, reserved 1048576K
Event: 29.448 GC heap after
Heap after GC invocations=36 (full 4):
 PSYoungGen      total 375808K, used 0K [0x00000000e0000000, 0x00000000f9c00000, 0x0000000100000000)
  eden space 342016K, 0% used [0x00000000e0000000,0x00000000e0000000,0x00000000f4e00000)
  from space 33792K, 0% used [0x00000000f7280000,0x00000000f7280000,0x00000000f9380000)
  to   space 37376K, 0% used [0x00000000f4e00000,0x00000000f4e00000,0x00000000f7280000)
 ParOldGen       total 141824K, used 71474K [0x00000000a0000000, 0x00000000a8a80000, 0x00000000e0000000)
  object space 141824K, 50% used [0x00000000a0000000,0x00000000a45cc8e0,0x00000000a8a80000)
 Metaspace       used 75266K, capacity 78204K, committed 78808K, reserved 1118208K
  class space    used 9996K, capacity 10591K, committed 10752K, reserved 1048576K
}
Event: 30.987 GC heap before
{Heap before GC invocations=37 (full 4):
 PSYoungGen      total 375808K, used 342016K [0x00000000e0000000, 0x00000000f9c00000, 0x0000000100000000)
  eden space 342016K, 100% used [0x00000000e0000000,0x00000000f4e00000,0x00000000f4e00000)
  from space 33792K, 0% used [0x00000000f7280000,0x00000000f7280000,0x00000000f9380000)
  to   space 37376K, 0% used [0x00000000f4e00000,0x00000000f4e00000,0x00000000f7280000)
 ParOldGen       total 141824K, used 71474K [0x00000000a0000000, 0x00000000a8a80000, 0x00000000e0000000)
  object space 141824K, 50% used [0x00000000a0000000,0x00000000a45cc8e0,0x00000000a8a80000)
 Metaspace       used 75282K, capacity 78212K, committed 78808K, reserved 1118208K
  class space    used 9998K, capacity 10591K, committed 10752K, reserved 1048576K
Event: 31.007 GC heap after
Heap after GC invocations=37 (full 4):
 PSYoungGen      total 379392K, used 9691K [0x00000000e0000000, 0x00000000fbf00000, 0x0000000100000000)
  eden space 342016K, 0% used [0x00000000e0000000,0x00000000e0000000,0x00000000f4e00000)
  from space 37376K, 25% used [0x00000000f4e00000,0x00000000f5776e10,0x00000000f7280000)
  to   space 36352K, 0% used [0x00000000f9b80000,0x00000000f9b80000,0x00000000fbf00000)
 ParOldGen       total 141824K, used 71474K [0x00000000a0000000, 0x00000000a8a80000, 0x00000000e0000000)
  object space 141824K, 50% used [0x00000000a0000000,0x00000000a45cc8e0,0x00000000a8a80000)
 Metaspace       used 75282K, capacity 78212K, committed 78808K, reserved 1118208K
  class space    used 9998K, capacity 10591K, committed 10752K, reserved 1048576K
}
Event: 32.410 GC heap before
{Heap before GC invocations=38 (full 4):
 PSYoungGen      total 379392K, used 351707K [0x00000000e0000000, 0x00000000fbf00000, 0x0000000100000000)
  eden space 342016K, 100% used [0x00000000e0000000,0x00000000f4e00000,0x00000000f4e00000)
  from space 37376K, 25% used [0x00000000f4e00000,0x00000000f5776e10,0x00000000f7280000)
  to   space 36352K, 0% used [0x00000000f9b80000,0x00000000f9b80000,0x00000000fbf00000)
 ParOldGen       total 141824K, used 71474K [0x00000000a0000000, 0x00000000a8a80000, 0x00000000e0000000)
  object space 141824K, 50% used [0x00000000a0000000,0x00000000a45cc8e0,0x00000000a8a80000)
 Metaspace       used 75283K, capacity 78212K, committed 78808K, reserved 1118208K
  class space    used 9998K, capacity 10591K, committed 10752K, reserved 1048576K
Event: 32.436 GC heap after
Heap after GC invocations=38 (full 4):
 PSYoungGen      total 415232K, used 16678K [0x00000000e0000000, 0x00000000fba80000, 0x0000000100000000)
  eden space 383488K, 0% used [0x00000000e0000000,0x00000000e0000000,0x00000000f7680000)
  from space 31744K, 52% used [0x00000000f9b80000,0x00000000fabc9920,0x00000000fba80000)
  to   space 34816K, 0% used [0x00000000f7680000,0x00000000f7680000,0x00000000f9880000)
 ParOldGen       total 141824K, used 71474K [0x00000000a0000000, 0x00000000a8a80000, 0x00000000e0000000)
  object space 141824K, 50% used [0x00000000a0000000,0x00000000a45cc8e0,0x00000000a8a80000)
 Metaspace       used 75283K, capacity 78212K, committed 78808K, reserved 1118208K
  class space    used 9998K, capacity 10591K, committed 10752K, reserved 1048576K
}
Event: 33.887 GC heap before
{Heap before GC invocations=39 (full 4):
 PSYoungGen      total 415232K, used 400166K [0x00000000e0000000, 0x00000000fba80000, 0x0000000100000000)
  eden space 383488K, 100% used [0x00000000e0000000,0x00000000f7680000,0x00000000f7680000)
  from space 31744K, 52% used [0x00000000f9b80000,0x00000000fabc9920,0x00000000fba80000)
  to   space 34816K, 0% used [0x00000000f7680000,0x00000000f7680000,0x00000000f9880000)
 ParOldGen       total 141824K, used 71474K [0x00000000a0000000, 0x00000000a8a80000, 0x00000000e0000000)
  object space 141824K, 50% used [0x00000000a0000000,0x00000000a45cc8e0,0x00000000a8a80000)
 Metaspace       used 75312K, capacity 78276K, committed 78808K, reserved 1118208K
  class space    used 9998K, capacity 10591K, committed 10752K, reserved 1048576K
Event: 33.920 GC heap after
Heap after GC invocations=39 (full 4):
 PSYoungGen      total 418304K, used 23179K [0x00000000e0000000, 0x00000000fe880000, 0x0000000100000000)
  eden space 383488K, 0% used [0x00000000e0000000,0x00000000e0000000,0x00000000f7680000)
  from space 34816K, 66% used [0x00000000f7680000,0x00000000f8d22e30,0x00000000f9880000)
  to   space 35328K, 0% used [0x00000000fc600000,0x00000000fc600000,0x00000000fe880000)
 ParOldGen       total 141824K, used 71482K [0x00000000a0000000, 0x00000000a8a80000, 0x00000000e0000000)
  object space 141824K, 50% used [0x00000000a0000000,0x00000000a45ce8e0,0x00000000a8a80000)
 Metaspace       used 75312K, capacity 78276K, committed 78808K, reserved 1118208K
  class space    used 9998K, capacity 10591K, committed 10752K, reserved 1048576K
}
Event: 37.324 GC heap before
{Heap before GC invocations=40 (full 4):
 PSYoungGen      total 418304K, used 406667K [0x00000000e0000000, 0x00000000fe880000, 0x0000000100000000)
  eden space 383488K, 100% used [0x00000000e0000000,0x00000000f7680000,0x00000000f7680000)
  from space 34816K, 66% used [0x00000000f7680000,0x00000000f8d22e30,0x00000000f9880000)
  to   space 35328K, 0% used [0x00000000fc600000,0x00000000fc600000,0x00000000fe880000)
 ParOldGen       total 141824K, used 71482K [0x00000000a0000000, 0x00000000a8a80000, 0x00000000e0000000)
  object space 141824K, 50% used [0x00000000a0000000,0x00000000a45ce8e0,0x00000000a8a80000)
 Metaspace       used 76396K, capacity 79538K, committed 79960K, reserved 1118208K
  class space    used 10118K, capacity 10754K, committed 10880K, reserved 1048576K
Event: 37.408 GC heap after
Heap after GC invocations=40 (full 4):
 PSYoungGen      total 452096K, used 35308K [0x00000000e0000000, 0x0000000100000000, 0x0000000100000000)
  eden space 416768K, 0% used [0x00000000e0000000,0x00000000e0000000,0x00000000f9700000)
  from space 35328K, 99% used [0x00000000fc600000,0x00000000fe87b2d8,0x00000000fe880000)
  to   space 48128K, 0% used [0x00000000f9700000,0x00000000f9700000,0x00000000fc600000)
 ParOldGen       total 141824K, used 91878K [0x00000000a0000000, 0x00000000a8a80000, 0x00000000e0000000)
  object space 141824K, 64% used [0x00000000a0000000,0x00000000a59b9b08,0x00000000a8a80000)
 Metaspace       used 76396K, capacity 79538K, committed 79960K, reserved 1118208K
  class space    used 10118K, capacity 10754K, committed 10880K, reserved 1048576K
}

